  20_namespaces.cpp
C:\Users\dev\source\repos\BV321_oop\20_namespaces\20_namespaces.cpp(7,19): warning C4566: character represented by universal-character-name '\u0412' cannot be represented in the current code page (1252)
C:\Users\dev\source\repos\BV321_oop\20_namespaces\20_namespaces.cpp(7,19): warning C4566: character represented by universal-character-name '\u0432' cannot be represented in the current code page (1252)
C:\Users\dev\source\repos\BV321_oop\20_namespaces\20_namespaces.cpp(7,19): warning C4566: character represented by universal-character-name '\u0435' cannot be represented in the current code page (1252)
C:\Users\dev\source\repos\BV321_oop\20_namespaces\20_namespaces.cpp(7,19): warning C4566: character represented by universal-character-name '\u0434' cannot be represented in the current code page (1252)
C:\Users\dev\source\repos\BV321_oop\20_namespaces\20_namespaces.cpp(7,19): warning C4566: character represented by universal-character-name '\u0456' cannot be represented in the current code page (1252)
C:\Users\dev\source\repos\BV321_oop\20_namespaces\20_namespaces.cpp(7,19): warning C4566: character represented by universal-character-name '\u0442' cannot be represented in the current code page (1252)
C:\Users\dev\source\repos\BV321_oop\20_namespaces\20_namespaces.cpp(7,19): warning C4566: character represented by universal-character-name '\u044C' cannot be represented in the current code page (1252)
C:\Users\dev\source\repos\BV321_oop\20_namespaces\20_namespaces.cpp(7,19): warning C4566: character represented by universal-character-name '\u0448' cannot be represented in the current code page (1252)
C:\Users\dev\source\repos\BV321_oop\20_namespaces\20_namespaces.cpp(7,19): warning C4566: character represented by universal-character-name '\u0441' cannot be represented in the current code page (1252)
C:\Users\dev\source\repos\BV321_oop\20_namespaces\20_namespaces.cpp(7,19): warning C4566: character represented by universal-character-name '\u0438' cannot be represented in the current code page (1252)
C:\Users\dev\source\repos\BV321_oop\20_namespaces\20_namespaces.cpp(7,19): warning C4566: character represented by universal-character-name '\u0437' cannot be represented in the current code page (1252)
C:\Users\dev\source\repos\BV321_oop\20_namespaces\20_namespaces.cpp(7,19): warning C4566: character represented by universal-character-name '\u043D' cannot be represented in the current code page (1252)
C:\Users\dev\source\repos\BV321_oop\20_namespaces\20_namespaces.cpp(7,19): warning C4566: character represented by universal-character-name '\u0430' cannot be represented in the current code page (1252)
C:\Users\dev\source\repos\BV321_oop\20_namespaces\20_namespaces.cpp(7,19): warning C4566: character represented by universal-character-name '\u0447' cannot be represented in the current code page (1252)
C:\Users\dev\source\repos\BV321_oop\20_namespaces\20_namespaces.cpp(7,19): warning C4566: character represented by universal-character-name '\u043B' cannot be represented in the current code page (1252)
C:\Users\dev\source\repos\BV321_oop\20_namespaces\20_namespaces.cpp(7,19): warning C4566: character represented by universal-character-name '\u043E' cannot be represented in the current code page (1252)
C:\Users\dev\source\repos\BV321_oop\20_namespaces\20_namespaces.cpp(11,23): warning C4566: character represented by universal-character-name '\u041F' cannot be represented in the current code page (1252)
C:\Users\dev\source\repos\BV321_oop\20_namespaces\20_namespaces.cpp(11,23): warning C4566: character represented by universal-character-name '\u043E' cannot be represented in the current code page (1252)
C:\Users\dev\source\repos\BV321_oop\20_namespaces\20_namespaces.cpp(11,23): warning C4566: character represented by universal-character-name '\u043C' cannot be represented in the current code page (1252)
C:\Users\dev\source\repos\BV321_oop\20_namespaces\20_namespaces.cpp(11,23): warning C4566: character represented by universal-character-name '\u0438' cannot be represented in the current code page (1252)
C:\Users\dev\source\repos\BV321_oop\20_namespaces\20_namespaces.cpp(11,23): warning C4566: character represented by universal-character-name '\u043B' cannot be represented in the current code page (1252)
C:\Users\dev\source\repos\BV321_oop\20_namespaces\20_namespaces.cpp(11,23): warning C4566: character represented by universal-character-name '\u043A' cannot be represented in the current code page (1252)
C:\Users\dev\source\repos\BV321_oop\20_namespaces\20_namespaces.cpp(11,23): warning C4566: character represented by universal-character-name '\u0430' cannot be represented in the current code page (1252)
C:\Users\dev\source\repos\BV321_oop\20_namespaces\20_namespaces.cpp(11,23): warning C4566: character represented by universal-character-name '\u0412' cannot be represented in the current code page (1252)
C:\Users\dev\source\repos\BV321_oop\20_namespaces\20_namespaces.cpp(11,23): warning C4566: character represented by universal-character-name '\u0432' cannot be represented in the current code page (1252)
C:\Users\dev\source\repos\BV321_oop\20_namespaces\20_namespaces.cpp(11,23): warning C4566: character represented by universal-character-name '\u0435' cannot be represented in the current code page (1252)
C:\Users\dev\source\repos\BV321_oop\20_namespaces\20_namespaces.cpp(11,23): warning C4566: character represented by universal-character-name '\u0434' cannot be represented in the current code page (1252)
C:\Users\dev\source\repos\BV321_oop\20_namespaces\20_namespaces.cpp(11,23): warning C4566: character represented by universal-character-name '\u043D' cannot be represented in the current code page (1252)
C:\Users\dev\source\repos\BV321_oop\20_namespaces\20_namespaces.cpp(11,23): warning C4566: character represented by universal-character-name '\u0447' cannot be represented in the current code page (1252)
C:\Users\dev\source\repos\BV321_oop\20_namespaces\20_namespaces.cpp(11,23): warning C4566: character represented by universal-character-name '\u0441' cannot be represented in the current code page (1252)
C:\Users\dev\source\repos\BV321_oop\20_namespaces\20_namespaces.cpp(11,23): warning C4566: character represented by universal-character-name '\u0454' cannot be represented in the current code page (1252)
C:\Users\dev\source\repos\BV321_oop\20_namespaces\20_namespaces.cpp(11,23): warning C4566: character represented by universal-character-name '\u0448' cannot be represented in the current code page (1252)
C:\Users\dev\source\repos\BV321_oop\20_namespaces\20_namespaces.cpp(11,23): warning C4566: character represented by universal-character-name '\u0442' cannot be represented in the current code page (1252)
C:\Users\dev\source\repos\BV321_oop\20_namespaces\20_namespaces.cpp(11,23): warning C4566: character represented by universal-character-name '\u0437' cannot be represented in the current code page (1252)
C:\Users\dev\source\repos\BV321_oop\20_namespaces\20_namespaces.cpp(20,23): warning C4566: character represented by universal-character-name '\u0412' cannot be represented in the current code page (1252)
C:\Users\dev\source\repos\BV321_oop\20_namespaces\20_namespaces.cpp(20,23): warning C4566: character represented by universal-character-name '\u0438' cannot be represented in the current code page (1252)
C:\Users\dev\source\repos\BV321_oop\20_namespaces\20_namespaces.cpp(20,23): warning C4566: character represented by universal-character-name '\u0432' cannot be represented in the current code page (1252)
C:\Users\dev\source\repos\BV321_oop\20_namespaces\20_namespaces.cpp(20,23): warning C4566: character represented by universal-character-name '\u0435' cannot be represented in the current code page (1252)
C:\Users\dev\source\repos\BV321_oop\20_namespaces\20_namespaces.cpp(20,23): warning C4566: character represented by universal-character-name '\u043B' cannot be represented in the current code page (1252)
C:\Users\dev\source\repos\BV321_oop\20_namespaces\20_namespaces.cpp(20,23): warning C4566: character represented by universal-character-name '\u0449' cannot be represented in the current code page (1252)
C:\Users\dev\source\repos\BV321_oop\20_namespaces\20_namespaces.cpp(20,23): warning C4566: character represented by universal-character-name '\u0430' cannot be represented in the current code page (1252)
C:\Users\dev\source\repos\BV321_oop\20_namespaces\20_namespaces.cpp(20,23): warning C4566: character represented by universal-character-name '\u0441' cannot be represented in the current code page (1252)
C:\Users\dev\source\repos\BV321_oop\20_namespaces\20_namespaces.cpp(20,23): warning C4566: character represented by universal-character-name '\u0447' cannot be represented in the current code page (1252)
C:\Users\dev\source\repos\BV321_oop\20_namespaces\20_namespaces.cpp(20,23): warning C4566: character represented by universal-character-name '\u043E' cannot be represented in the current code page (1252)
C:\Users\dev\source\repos\BV321_oop\20_namespaces\20_namespaces.cpp(22,23): warning C4566: character represented by universal-character-name '\u0412' cannot be represented in the current code page (1252)
C:\Users\dev\source\repos\BV321_oop\20_namespaces\20_namespaces.cpp(22,23): warning C4566: character represented by universal-character-name '\u0438' cannot be represented in the current code page (1252)
C:\Users\dev\source\repos\BV321_oop\20_namespaces\20_namespaces.cpp(22,23): warning C4566: character represented by universal-character-name '\u0432' cannot be represented in the current code page (1252)
C:\Users\dev\source\repos\BV321_oop\20_namespaces\20_namespaces.cpp(22,23): warning C4566: character represented by universal-character-name '\u0435' cannot be represented in the current code page (1252)
C:\Users\dev\source\repos\BV321_oop\20_namespaces\20_namespaces.cpp(22,23): warning C4566: character represented by universal-character-name '\u043B' cannot be represented in the current code page (1252)
C:\Users\dev\source\repos\BV321_oop\20_namespaces\20_namespaces.cpp(22,23): warning C4566: character represented by universal-character-name '\u043D' cannot be represented in the current code page (1252)
C:\Users\dev\source\repos\BV321_oop\20_namespaces\20_namespaces.cpp(22,23): warning C4566: character represented by universal-character-name '\u0449' cannot be represented in the current code page (1252)
C:\Users\dev\source\repos\BV321_oop\20_namespaces\20_namespaces.cpp(22,23): warning C4566: character represented by universal-character-name '\u0430' cannot be represented in the current code page (1252)
C:\Users\dev\source\repos\BV321_oop\20_namespaces\20_namespaces.cpp(22,23): warning C4566: character represented by universal-character-name '\u0441' cannot be represented in the current code page (1252)
C:\Users\dev\source\repos\BV321_oop\20_namespaces\20_namespaces.cpp(22,23): warning C4566: character represented by universal-character-name '\u0447' cannot be represented in the current code page (1252)
C:\Users\dev\source\repos\BV321_oop\20_namespaces\20_namespaces.cpp(22,23): warning C4566: character represented by universal-character-name '\u043E' cannot be represented in the current code page (1252)
  20_namespaces.vcxproj -> C:\Users\dev\source\repos\BV321_oop\x64\Debug\20_namespaces.exe
